<?xml version="1.0" encoding="UTF-8"?>
<testng-results skipped="0" failed="0" ignored="0" total="4" passed="4">
  <reporter-output>
    <line>
      <![CDATA[pass-chrome browser invoked with url as:http://zero.webappsecurity.com/login.html<br>]]>
    </line>
    <line>
      <![CDATA[pass-username set with value:username<br>]]>
    </line>
    <line>
      <![CDATA[info-password set with value:password<br>]]>
    </line>
    <line>
      <![CDATA[pass-chrome browser invoked with url as:http://zero.webappsecurity.com/login.html<br>]]>
    </line>
    <line>
      <![CDATA[pass-username set with value:username<br>]]>
    </line>
    <line>
      <![CDATA[info-password set with value:password<br>]]>
    </line>
    <line>
      <![CDATA[pass-chrome browser invoked with url as:http://zero.webappsecurity.com/login.html<br>]]>
    </line>
    <line>
      <![CDATA[pass-chrome browser invoked with url as:http://zero.webappsecurity.com/login.html<br>]]>
    </line>
    <line>
      <![CDATA[pass-username set with value:username<br>]]>
    </line>
    <line>
      <![CDATA[pass-username set with value:username<br>]]>
    </line>
    <line>
      <![CDATA[info-password set with value:password<br>]]>
    </line>
    <line>
      <![CDATA[info-password set with value:password<br>]]>
    </line>
    <line>
      <![CDATA[pass-clicked on signin button<br>]]>
    </line>
    <line>
      <![CDATA[pass-successfully login with usernameusernamepasswordpassword<br>]]>
    </line>
    <line>
      <![CDATA[pass-login successfully<br>]]>
    </line>
    <line>
      <![CDATA[pass-clicked on signin button<br>]]>
    </line>
    <line>
      <![CDATA[pass-successfully login with usernameusernamepasswordpassword<br>]]>
    </line>
    <line>
      <![CDATA[pass-login successfully<br>]]>
    </line>
    <line>
      <![CDATA[pass-clicked on signin button<br>]]>
    </line>
    <line>
      <![CDATA[pass-successfully login with usernameusernamepasswordpassword<br>]]>
    </line>
    <line>
      <![CDATA[pass-login successfully<br>]]>
    </line>
    <line>
      <![CDATA[pass-login successfully<br>]]>
    </line>
    <line>
      <![CDATA[pass-set value from from_account as2<br>]]>
    </line>
    <line>
      <![CDATA[pass-set value from to_account as1<br>]]>
    </line>
    <line>
      <![CDATA[pass-entered amount as:20<br>]]>
    </line>
    <line>
      <![CDATA[pass-entered description as:test<br>]]>
    </line>
    <line>
      <![CDATA[pass-clicked on continue<br>]]>
    </line>
    <line>
      <![CDATA[pass-page navigated to transfer funds verify<br>]]>
    </line>
    <line>
      <![CDATA[pass-clicked on paybills<br>]]>
    </line>
    <line>
      <![CDATA[pass-page navigated to transfer funds verify page<br>]]>
    </line>
    <line>
      <![CDATA[pass-clicked on signin button<br>]]>
    </line>
    <line>
      <![CDATA[pass-successfully login with usernameusernamepasswordpassword<br>]]>
    </line>
    <line>
      <![CDATA[pass-login successfully<br>]]>
    </line>
    <line>
      <![CDATA[pass-test case completed<br>]]>
    </line>
    <line>
      <![CDATA[pass-set payee name as:tejal<br>]]>
    </line>
    <line>
      <![CDATA[pass-set payee address as:pune<br>]]>
    </line>
    <line>
      <![CDATA[pass-set account as:savings<br>]]>
    </line>
    <line>
      <![CDATA[pass-set payee details as:employee<br>]]>
    </line>
    <line>
      <![CDATA[pass-add button clicked<br>]]>
    </line>
    <line>
      <![CDATA[pass-add new payee successfully<br>]]>
    </line>
    <line>
      <![CDATA[pass-test case completed<br>]]>
    </line>
    <line>
      <![CDATA[pass-clicked on paybills<br>]]>
    </line>
    <line>
      <![CDATA[pass-select payee from list as:apple<br>]]>
    </line>
    <line>
      <![CDATA[pass-select account from list as:2<br>]]>
    </line>
    <line>
      <![CDATA[pass-sent amount as:20<br>]]>
    </line>
    <line>
      <![CDATA[pass-select date<br>]]>
    </line>
    <line>
      <![CDATA[pass-sent description as:test<br>]]>
    </line>
    <line>
      <![CDATA[pass-pay button clicked successfully<br>]]>
    </line>
    <line>
      <![CDATA[pass-fill pay bills successfully<br>]]>
    </line>
    <line>
      <![CDATA[pass-test case completed<br>]]>
    </line>
  </reporter-output>
  <suite name="Suite" duration-ms="154747" started-at="2019-05-30T09:59:01Z" finished-at="2019-05-30T10:01:36Z">
    <groups>
    </groups>
    <test name="TestOnChrome" duration-ms="154747" started-at="2019-05-30T09:59:01Z" finished-at="2019-05-30T10:01:36Z">
      <class name="retailbanking.tc.SmokeTest">
        <test-method status="PASS" signature="t_02_transferfunds(java.lang.String, java.lang.String)[pri:0, instance:retailbanking.tc.SmokeTest@3ffc5af1]" name="t_02_transferfunds" duration-ms="135323" started-at="2019-05-30T09:59:02Z" finished-at="2019-05-30T10:01:17Z">
          <params>
            <param index="0">
              <value>
                <![CDATA[chrome]]>
              </value>
            </param>
            <param index="1">
              <value>
                <![CDATA[http://zero.webappsecurity.com/login.html]]>
              </value>
            </param>
          </params>
          <reporter-output>
            <line>
              <![CDATA[pass-chrome browser invoked with url as:http://zero.webappsecurity.com/login.html<br>]]>
            </line>
            <line>
              <![CDATA[pass-username set with value:username<br>]]>
            </line>
            <line>
              <![CDATA[info-password set with value:password<br>]]>
            </line>
            <line>
              <![CDATA[pass-clicked on signin button<br>]]>
            </line>
            <line>
              <![CDATA[pass-successfully login with usernameusernamepasswordpassword<br>]]>
            </line>
            <line>
              <![CDATA[pass-login successfully<br>]]>
            </line>
            <line>
              <![CDATA[pass-set value from from_account as2<br>]]>
            </line>
            <line>
              <![CDATA[pass-set value from to_account as1<br>]]>
            </line>
            <line>
              <![CDATA[pass-entered amount as:20<br>]]>
            </line>
            <line>
              <![CDATA[pass-entered description as:test<br>]]>
            </line>
            <line>
              <![CDATA[pass-clicked on continue<br>]]>
            </line>
            <line>
              <![CDATA[pass-page navigated to transfer funds verify<br>]]>
            </line>
            <line>
              <![CDATA[pass-page navigated to transfer funds verify page<br>]]>
            </line>
            <line>
              <![CDATA[pass-test case completed<br>]]>
            </line>
          </reporter-output>
        </test-method> <!-- t_02_transferfunds -->
        <test-method status="PASS" signature="t_04_addNewPayee(java.lang.String, java.lang.String)[pri:0, instance:retailbanking.tc.SmokeTest@3ffc5af1]" name="t_04_addNewPayee" duration-ms="140291" started-at="2019-05-30T09:59:02Z" finished-at="2019-05-30T10:01:22Z">
          <params>
            <param index="0">
              <value>
                <![CDATA[chrome]]>
              </value>
            </param>
            <param index="1">
              <value>
                <![CDATA[http://zero.webappsecurity.com/login.html]]>
              </value>
            </param>
          </params>
          <reporter-output>
            <line>
              <![CDATA[pass-chrome browser invoked with url as:http://zero.webappsecurity.com/login.html<br>]]>
            </line>
            <line>
              <![CDATA[pass-username set with value:username<br>]]>
            </line>
            <line>
              <![CDATA[info-password set with value:password<br>]]>
            </line>
            <line>
              <![CDATA[pass-clicked on signin button<br>]]>
            </line>
            <line>
              <![CDATA[pass-successfully login with usernameusernamepasswordpassword<br>]]>
            </line>
            <line>
              <![CDATA[pass-login successfully<br>]]>
            </line>
            <line>
              <![CDATA[pass-clicked on paybills<br>]]>
            </line>
            <line>
              <![CDATA[pass-set payee name as:tejal<br>]]>
            </line>
            <line>
              <![CDATA[pass-set payee address as:pune<br>]]>
            </line>
            <line>
              <![CDATA[pass-set account as:savings<br>]]>
            </line>
            <line>
              <![CDATA[pass-set payee details as:employee<br>]]>
            </line>
            <line>
              <![CDATA[pass-add button clicked<br>]]>
            </line>
            <line>
              <![CDATA[pass-add new payee successfully<br>]]>
            </line>
            <line>
              <![CDATA[pass-test case completed<br>]]>
            </line>
          </reporter-output>
        </test-method> <!-- t_04_addNewPayee -->
        <test-method status="PASS" signature="t_01_login(java.lang.String, java.lang.String)[pri:0, instance:retailbanking.tc.SmokeTest@3ffc5af1]" name="t_01_login" duration-ms="129842" started-at="2019-05-30T09:59:02Z" finished-at="2019-05-30T10:01:12Z">
          <params>
            <param index="0">
              <value>
                <![CDATA[chrome]]>
              </value>
            </param>
            <param index="1">
              <value>
                <![CDATA[http://zero.webappsecurity.com/login.html]]>
              </value>
            </param>
          </params>
          <reporter-output>
            <line>
              <![CDATA[pass-chrome browser invoked with url as:http://zero.webappsecurity.com/login.html<br>]]>
            </line>
            <line>
              <![CDATA[pass-username set with value:username<br>]]>
            </line>
            <line>
              <![CDATA[info-password set with value:password<br>]]>
            </line>
            <line>
              <![CDATA[pass-clicked on signin button<br>]]>
            </line>
            <line>
              <![CDATA[pass-successfully login with usernameusernamepasswordpassword<br>]]>
            </line>
            <line>
              <![CDATA[pass-login successfully<br>]]>
            </line>
            <line>
              <![CDATA[pass-login successfully<br>]]>
            </line>
          </reporter-output>
        </test-method> <!-- t_01_login -->
        <test-method status="PASS" signature="t_03_paybills(java.lang.String, java.lang.String)[pri:0, instance:retailbanking.tc.SmokeTest@3ffc5af1]" name="t_03_paybills" duration-ms="153939" started-at="2019-05-30T09:59:02Z" finished-at="2019-05-30T10:01:36Z">
          <params>
            <param index="0">
              <value>
                <![CDATA[chrome]]>
              </value>
            </param>
            <param index="1">
              <value>
                <![CDATA[http://zero.webappsecurity.com/login.html]]>
              </value>
            </param>
          </params>
          <reporter-output>
            <line>
              <![CDATA[pass-chrome browser invoked with url as:http://zero.webappsecurity.com/login.html<br>]]>
            </line>
            <line>
              <![CDATA[pass-username set with value:username<br>]]>
            </line>
            <line>
              <![CDATA[info-password set with value:password<br>]]>
            </line>
            <line>
              <![CDATA[pass-clicked on signin button<br>]]>
            </line>
            <line>
              <![CDATA[pass-successfully login with usernameusernamepasswordpassword<br>]]>
            </line>
            <line>
              <![CDATA[pass-login successfully<br>]]>
            </line>
            <line>
              <![CDATA[pass-clicked on paybills<br>]]>
            </line>
            <line>
              <![CDATA[pass-select payee from list as:apple<br>]]>
            </line>
            <line>
              <![CDATA[pass-select account from list as:2<br>]]>
            </line>
            <line>
              <![CDATA[pass-sent amount as:20<br>]]>
            </line>
            <line>
              <![CDATA[pass-select date<br>]]>
            </line>
            <line>
              <![CDATA[pass-sent description as:test<br>]]>
            </line>
            <line>
              <![CDATA[pass-pay button clicked successfully<br>]]>
            </line>
            <line>
              <![CDATA[pass-fill pay bills successfully<br>]]>
            </line>
            <line>
              <![CDATA[pass-test case completed<br>]]>
            </line>
          </reporter-output>
        </test-method> <!-- t_03_paybills -->
      </class> <!-- retailbanking.tc.SmokeTest -->
    </test> <!-- TestOnChrome -->
  </suite> <!-- Suite -->
</testng-results>
