<?xml version="1.0" encoding="UTF-8"?>
<testng-results skipped="0" failed="0" ignored="0" total="2" passed="2">
  <reporter-output>
    <line>
      <![CDATA[pass-chrome browser invoked with url as:http://zero.webappsecurity.com/login.html<br>]]>
    </line>
    <line>
      <![CDATA[pass-username set with value:username<br>]]>
    </line>
    <line>
      <![CDATA[info-password set with value:password<br>]]>
    </line>
    <line>
      <![CDATA[pass-chrome browser invoked with url as:http://zero.webappsecurity.com/login.html<br>]]>
    </line>
    <line>
      <![CDATA[pass-username set with value:username<br>]]>
    </line>
    <line>
      <![CDATA[info-password set with value:password<br>]]>
    </line>
    <line>
      <![CDATA[pass-clicked on signin button<br>]]>
    </line>
    <line>
      <![CDATA[pass-successfully login with usernameusernamepasswordpassword<br>]]>
    </line>
    <line>
      <![CDATA[pass-login successfully<br>]]>
    </line>
    <line>
      <![CDATA[pass-clicked on signin button<br>]]>
    </line>
    <line>
      <![CDATA[pass-successfully login with usernameusernamepasswordpassword<br>]]>
    </line>
    <line>
      <![CDATA[pass-login successfully<br>]]>
    </line>
    <line>
      <![CDATA[pass-login successfully<br>]]>
    </line>
    <line>
      <![CDATA[pass-set value from from_account as2<br>]]>
    </line>
    <line>
      <![CDATA[pass-set value from to_account as1<br>]]>
    </line>
    <line>
      <![CDATA[pass-entered amount as:20<br>]]>
    </line>
    <line>
      <![CDATA[pass-entered description as:test<br>]]>
    </line>
    <line>
      <![CDATA[pass-clicked on continue<br>]]>
    </line>
    <line>
      <![CDATA[pass-page navigated to transfer funds verify<br>]]>
    </line>
    <line>
      <![CDATA[pass-page navigated to transfer funds verify page<br>]]>
    </line>
    <line>
      <![CDATA[pass-test case completed<br>]]>
    </line>
  </reporter-output>
  <suite name="Suite" duration-ms="33096" started-at="2019-05-26T11:43:22Z" finished-at="2019-05-26T11:43:56Z">
    <groups>
    </groups>
    <test name="TestOnChrome" duration-ms="33096" started-at="2019-05-26T11:43:22Z" finished-at="2019-05-26T11:43:56Z">
      <class name="retailbanking.tc.SmokeTest">
        <test-method status="PASS" signature="t_01_login(java.lang.String, java.lang.String)[pri:0, instance:retailbanking.tc.SmokeTest@2133c8f8]" name="t_01_login" duration-ms="28990" started-at="2019-05-26T11:43:23Z" finished-at="2019-05-26T11:43:52Z">
          <params>
            <param index="0">
              <value>
                <![CDATA[chrome]]>
              </value>
            </param>
            <param index="1">
              <value>
                <![CDATA[http://zero.webappsecurity.com/login.html]]>
              </value>
            </param>
          </params>
          <reporter-output>
            <line>
              <![CDATA[pass-chrome browser invoked with url as:http://zero.webappsecurity.com/login.html<br>]]>
            </line>
            <line>
              <![CDATA[pass-username set with value:username<br>]]>
            </line>
            <line>
              <![CDATA[info-password set with value:password<br>]]>
            </line>
            <line>
              <![CDATA[pass-clicked on signin button<br>]]>
            </line>
            <line>
              <![CDATA[pass-successfully login with usernameusernamepasswordpassword<br>]]>
            </line>
            <line>
              <![CDATA[pass-login successfully<br>]]>
            </line>
            <line>
              <![CDATA[pass-login successfully<br>]]>
            </line>
          </reporter-output>
        </test-method> <!-- t_01_login -->
        <test-method status="PASS" signature="t_02_transferfunds(java.lang.String, java.lang.String)[pri:0, instance:retailbanking.tc.SmokeTest@2133c8f8]" name="t_02_transferfunds" duration-ms="33000" started-at="2019-05-26T11:43:23Z" finished-at="2019-05-26T11:43:56Z">
          <params>
            <param index="0">
              <value>
                <![CDATA[chrome]]>
              </value>
            </param>
            <param index="1">
              <value>
                <![CDATA[http://zero.webappsecurity.com/login.html]]>
              </value>
            </param>
          </params>
          <reporter-output>
            <line>
              <![CDATA[pass-chrome browser invoked with url as:http://zero.webappsecurity.com/login.html<br>]]>
            </line>
            <line>
              <![CDATA[pass-username set with value:username<br>]]>
            </line>
            <line>
              <![CDATA[info-password set with value:password<br>]]>
            </line>
            <line>
              <![CDATA[pass-clicked on signin button<br>]]>
            </line>
            <line>
              <![CDATA[pass-successfully login with usernameusernamepasswordpassword<br>]]>
            </line>
            <line>
              <![CDATA[pass-login successfully<br>]]>
            </line>
            <line>
              <![CDATA[pass-set value from from_account as2<br>]]>
            </line>
            <line>
              <![CDATA[pass-set value from to_account as1<br>]]>
            </line>
            <line>
              <![CDATA[pass-entered amount as:20<br>]]>
            </line>
            <line>
              <![CDATA[pass-entered description as:test<br>]]>
            </line>
            <line>
              <![CDATA[pass-clicked on continue<br>]]>
            </line>
            <line>
              <![CDATA[pass-page navigated to transfer funds verify<br>]]>
            </line>
            <line>
              <![CDATA[pass-page navigated to transfer funds verify page<br>]]>
            </line>
            <line>
              <![CDATA[pass-test case completed<br>]]>
            </line>
          </reporter-output>
        </test-method> <!-- t_02_transferfunds -->
      </class> <!-- retailbanking.tc.SmokeTest -->
    </test> <!-- TestOnChrome -->
  </suite> <!-- Suite -->
</testng-results>
