<?xml version="1.0" encoding="UTF-8"?>
<!-- Generated by org.testng.reporters.JUnitXMLReporter -->
<testsuite hostname="Sumeet" ignored="0" name="TestOnChrome" tests="7" failures="0" timestamp="31 May 2019 17:54:18 GMT" time="156.603" errors="0">
  <testcase name="t_01_login" time="77.979" classname="retailbanking.tc.SmokeTest"/>
  <testcase name="t_05_purchaseForeignCurrency" time="94.357" classname="retailbanking.tc.SmokeTest"/>
  <testcase name="t_04_addNewPayee" time="94.395" classname="retailbanking.tc.SmokeTest"/>
  <testcase name="t_02_transferfunds" time="95.984" classname="retailbanking.tc.SmokeTest"/>
  <testcase name="t_03_paybills" time="99.431" classname="retailbanking.tc.SmokeTest"/>
  <testcase name="t_07_OnlineStatement" time="61.437" classname="retailbanking.tc.SmokeTest"/>
  <testcase name="t_06_purchaseForeignCurrency" time="77.721" classname="retailbanking.tc.SmokeTest"/>
</testsuite> <!-- TestOnChrome -->
